#
# There is insufficient memory for the Java Runtime Environment to continue.
# Native memory allocation (malloc) failed to allocate 1548176 bytes for Chunk::new
# Possible reasons:
#   The system is out of physical RAM or swap space
#   In 32 bit mode, the process size limit was hit
# Possible solutions:
#   Reduce memory load on the system
#   Increase physical memory or swap space
#   Check if swap backing store is full
#   Use 64 bit Java on a 64 bit OS
#   Decrease Java heap size (-Xmx/-Xms)
#   Decrease number of Java threads
#   Decrease Java thread stack sizes (-Xss)
#   Set larger code cache with -XX:ReservedCodeCacheSize=
# This output file may be truncated or incomplete.
#
#  Out of Memory Error (allocation.cpp:390), pid=1316, tid=0x0000000000003e5c
#
# JRE version: Java(TM) SE Runtime Environment (8.0_191-b12) (build 1.8.0_191-b12)
# Java VM: Java HotSpot(TM) 64-Bit Server VM (25.191-b12 mixed mode windows-amd64 compressed oops)
# Failed to write core dump. Minidumps are not enabled by default on client versions of Windows
#

---------------  T H R E A D  ---------------

Current thread (0x0000000019d62000):  JavaThread "C2 CompilerThread1" daemon [_thread_in_native, id=15964, stack(0x000000001a690000,0x000000001a790000)]

Stack: [0x000000001a690000,0x000000001a790000]
[error occurred during error reporting (printing stack bounds), id 0xc0000005]

Native frames: (J=compiled Java code, j=interpreted, Vv=VM code, C=native code)


Current CompileTask:
C2:   8701 4300       4       org.apache.catalina.startup.ContextConfig::populateJavaClassCache (79 bytes)


---------------  P R O C E S S  ---------------

Java Threads: ( => current thread )
  0x000000001e976800 JavaThread "localhost-startStop-1" daemon [_thread_in_native, id=9108, stack(0x0000000021ae0000,0x0000000021be0000)]
  0x0000000020aaf000 JavaThread "Tomcat-startStop-1" daemon [_thread_blocked, id=16008, stack(0x00000000219e0000,0x0000000021ae0000)]
  0x0000000019e23000 JavaThread "Service Thread" daemon [_thread_blocked, id=16664, stack(0x000000001a990000,0x000000001aa90000)]
  0x0000000019d7a800 JavaThread "C1 CompilerThread3" daemon [_thread_in_vm, id=14644, stack(0x000000001a890000,0x000000001a990000)]
  0x0000000019d63000 JavaThread "C2 CompilerThread2" daemon [_thread_in_native, id=16652, stack(0x000000001a790000,0x000000001a890000)]
=>0x0000000019d62000 JavaThread "C2 CompilerThread1" daemon [_thread_in_native, id=15964, stack(0x000000001a690000,0x000000001a790000)]
  0x0000000019d61800 JavaThread "C2 CompilerThread0" daemon [_thread_in_native, id=16668, stack(0x000000001a590000,0x000000001a690000)]
  0x0000000019d72000 JavaThread "Monitor Ctrl-Break" daemon [_thread_in_native, id=17148, stack(0x000000001a490000,0x000000001a590000)]
  0x0000000019cca000 JavaThread "Attach Listener" daemon [_thread_blocked, id=2536, stack(0x000000001a390000,0x000000001a490000)]
  0x0000000019cc9000 JavaThread "Signal Dispatcher" daemon [_thread_blocked, id=13524, stack(0x000000001a290000,0x000000001a390000)]
  0x0000000019cb1000 JavaThread "Finalizer" daemon [_thread_blocked, id=14452, stack(0x000000001a190000,0x000000001a290000)]
  0x0000000017ebd800 JavaThread "Reference Handler" daemon [_thread_blocked, id=16812, stack(0x000000001a090000,0x000000001a190000)]
  0x0000000002f02800 JavaThread "main" [_thread_blocked, id=5640, stack(0x0000000002ba0000,0x0000000002ca0000)]

Other Threads:
  0x0000000017eb9000 VMThread [stack: 0x0000000019b90000,0x0000000019c90000] [id=10312]
  0x0000000019e28000 WatcherThread [stack: 0x000000001aa90000,0x000000001ab90000] [id=6036]

VM state:not at safepoint (normal execution)

VM Mutex/Monitor currently owned by a thread: None

Heap:
 PSYoungGen      total 470016K, used 90066K [0x00000000d6500000, 0x00000000f5e80000, 0x0000000100000000)
  eden space 427520K, 13% used [0x00000000d6500000,0x00000000d9e9c378,0x00000000f0680000)
  from space 42496K, 73% used [0x00000000f3500000,0x00000000f5358540,0x00000000f5e80000)
  to   space 45056K, 0% used [0x00000000f0680000,0x00000000f0680000,0x00000000f3280000)
 ParOldGen       total 127488K, used 63778K [0x0000000082e00000, 0x000000008aa80000, 0x00000000d6500000)
  object space 127488K, 50% used [0x0000000082e00000,0x0000000086c489a8,0x000000008aa80000)
 Metaspace       used 36486K, capacity 37374K, committed 37632K, reserved 1083392K
  class space    used 4239K, capacity 4492K, committed 4608K, reserved 1048576K

Card table byte_map: [0x00000000123c0000,0x00000000127b0000] byte_map_base: 0x0000000011fa9000

Marking Bits: (ParMarkBitMap*) 0x000000006f773e30
 Begin Bits: [0x0000000013250000, 0x0000000015198000)
 End Bits:   [0x0000000015198000, 0x00000000170e0000)

Polling page: 0x00000000007f0000

CodeCache: size=245760Kb used=14733Kb max_used=16378Kb free=231026Kb
 bounds [0x0000000003000000, 0x0000000004030000, 0x0000000012000000]
 total_blobs=4915 nmethods=4470 adapters=357
 compilation: enabled

Compilation events (10 events):
Event: 8.687 Thread 0x0000000019d7a800 5266       2       jdk.internal.org.objectweb.asm.MethodWriter::visitMethodInsn (220 bytes)
Event: 8.687 Thread 0x0000000019d7a800 nmethod 5266 0x0000000003977890 code [0x0000000003977a40, 0x0000000003977e08]
Event: 8.687 Thread 0x0000000019d7a800 5267       2       jdk.internal.org.objectweb.asm.ClassWriter::newMethodItem (91 bytes)
Event: 8.688 Thread 0x0000000019d7a800 nmethod 5267 0x0000000003976f90 code [0x0000000003977160, 0x00000000039774d8]
Event: 8.688 Thread 0x0000000019d7a800 5268       2       jdk.internal.org.objectweb.asm.AnnotationWriter::visitEnd (43 bytes)
Event: 8.688 Thread 0x0000000019d7a800 nmethod 5268 0x00000000038c9a90 code [0x00000000038c9be0, 0x00000000038c9d90]
Event: 8.692 Thread 0x0000000019d7a800 5269       2       java.util.Collections$3::hasMoreElements (10 bytes)
Event: 8.692 Thread 0x0000000019d7a800 nmethod 5269 0x00000000038c96d0 code [0x00000000038c9840, 0x00000000038c99c8]
Event: 8.695 Thread 0x0000000019d7a800 5270       2       java.lang.ThreadLocal::get (38 bytes)
Event: 8.695 Thread 0x0000000019d7a800 nmethod 5270 0x0000000003976a90 code [0x0000000003976c20, 0x0000000003976e28]

GC Heap History (10 events):
Event: 5.413 GC heap before
{Heap before GC invocations=10 (full 1):
 PSYoungGen      total 228864K, used 228844K [0x00000000d6500000, 0x00000000e7700000, 0x0000000100000000)
  eden space 218624K, 100% used [0x00000000d6500000,0x00000000e3a80000,0x00000000e3a80000)
  from space 10240K, 99% used [0x00000000e6d00000,0x00000000e76fb2f8,0x00000000e7700000)
  to   space 13824K, 0% used [0x00000000e5c00000,0x00000000e5c00000,0x00000000e6980000)
 ParOldGen       total 60416K, used 18525K [0x0000000082e00000, 0x0000000086900000, 0x00000000d6500000)
  object space 60416K, 30% used [0x0000000082e00000,0x0000000084017580,0x0000000086900000)
 Metaspace       used 24340K, capacity 24842K, committed 24960K, reserved 1071104K
  class space    used 2800K, capacity 2934K, committed 2944K, reserved 1048576K
Event: 5.443 GC heap after
Heap after GC invocations=10 (full 1):
 PSYoungGen      total 266752K, used 13809K [0x00000000d6500000, 0x00000000ec600000, 0x0000000100000000)
  eden space 252928K, 0% used [0x00000000d6500000,0x00000000d6500000,0x00000000e5c00000)
  from space 13824K, 99% used [0x00000000e5c00000,0x00000000e697c650,0x00000000e6980000)
  to   space 23552K, 0% used [0x00000000eaf00000,0x00000000eaf00000,0x00000000ec600000)
 ParOldGen       total 60416K, used 38351K [0x0000000082e00000, 0x0000000086900000, 0x00000000d6500000)
  object space 60416K, 63% used [0x0000000082e00000,0x0000000085373e38,0x0000000086900000)
 Metaspace       used 24340K, capacity 24842K, committed 24960K, reserved 1071104K
  class space    used 2800K, capacity 2934K, committed 2944K, reserved 1048576K
}
Event: 6.027 GC heap before
{Heap before GC invocations=11 (full 1):
 PSYoungGen      total 266752K, used 266737K [0x00000000d6500000, 0x00000000ec600000, 0x0000000100000000)
  eden space 252928K, 100% used [0x00000000d6500000,0x00000000e5c00000,0x00000000e5c00000)
  from space 13824K, 99% used [0x00000000e5c00000,0x00000000e697c650,0x00000000e6980000)
  to   space 23552K, 0% used [0x00000000eaf00000,0x00000000eaf00000,0x00000000ec600000)
 ParOldGen       total 60416K, used 38351K [0x0000000082e00000, 0x0000000086900000, 0x00000000d6500000)
  object space 60416K, 63% used [0x0000000082e00000,0x0000000085373e38,0x0000000086900000)
 Metaspace       used 24344K, capacity 24842K, committed 24960K, reserved 1071104K
  class space    used 2800K, capacity 2934K, committed 2944K, reserved 1048576K
Event: 6.061 GC heap after
Heap after GC invocations=11 (full 1):
 PSYoungGen      total 327168K, used 23549K [0x00000000d6500000, 0x00000000f1080000, 0x0000000100000000)
  eden space 303616K, 0% used [0x00000000d6500000,0x00000000d6500000,0x00000000e8d80000)
  from space 23552K, 99% used [0x00000000eaf00000,0x00000000ec5ff560,0x00000000ec600000)
  to   space 34304K, 0% used [0x00000000e8d80000,0x00000000e8d80000,0x00000000eaf00000)
 ParOldGen       total 60416K, used 57811K [0x0000000082e00000, 0x0000000086900000, 0x00000000d6500000)
  object space 60416K, 95% used [0x0000000082e00000,0x0000000086674f80,0x0000000086900000)
 Metaspace       used 24344K, capacity 24842K, committed 24960K, reserved 1071104K
  class space    used 2800K, capacity 2934K, committed 2944K, reserved 1048576K
}
Event: 6.061 GC heap before
{Heap before GC invocations=12 (full 2):
 PSYoungGen      total 327168K, used 23549K [0x00000000d6500000, 0x00000000f1080000, 0x0000000100000000)
  eden space 303616K, 0% used [0x00000000d6500000,0x00000000d6500000,0x00000000e8d80000)
  from space 23552K, 99% used [0x00000000eaf00000,0x00000000ec5ff560,0x00000000ec600000)
  to   space 34304K, 0% used [0x00000000e8d80000,0x00000000e8d80000,0x00000000eaf00000)
 ParOldGen       total 60416K, used 57811K [0x0000000082e00000, 0x0000000086900000, 0x00000000d6500000)
  object space 60416K, 95% used [0x0000000082e00000,0x0000000086674f80,0x0000000086900000)
 Metaspace       used 24344K, capacity 24842K, committed 24960K, reserved 1071104K
  class space    used 2800K, capacity 2934K, committed 2944K, reserved 1048576K
Event: 6.111 GC heap after
Heap after GC invocations=12 (full 2):
 PSYoungGen      total 327168K, used 0K [0x00000000d6500000, 0x00000000f1080000, 0x0000000100000000)
  eden space 303616K, 0% used [0x00000000d6500000,0x00000000d6500000,0x00000000e8d80000)
  from space 23552K, 0% used [0x00000000eaf00000,0x00000000eaf00000,0x00000000ec600000)
  to   space 34304K, 0% used [0x00000000e8d80000,0x00000000e8d80000,0x00000000eaf00000)
 ParOldGen       total 127488K, used 52802K [0x0000000082e00000, 0x000000008aa80000, 0x00000000d6500000)
  object space 127488K, 41% used [0x0000000082e00000,0x00000000861908a0,0x000000008aa80000)
 Metaspace       used 24344K, capacity 24842K, committed 24960K, reserved 1071104K
  class space    used 2800K, capacity 2934K, committed 2944K, reserved 1048576K
}
Event: 6.806 GC heap before
{Heap before GC invocations=13 (full 2):
 PSYoungGen      total 327168K, used 303616K [0x00000000d6500000, 0x00000000f1080000, 0x0000000100000000)
  eden space 303616K, 100% used [0x00000000d6500000,0x00000000e8d80000,0x00000000e8d80000)
  from space 23552K, 0% used [0x00000000eaf00000,0x00000000eaf00000,0x00000000ec600000)
  to   space 34304K, 0% used [0x00000000e8d80000,0x00000000e8d80000,0x00000000eaf00000)
 ParOldGen       total 127488K, used 52802K [0x0000000082e00000, 0x000000008aa80000, 0x00000000d6500000)
  object space 127488K, 41% used [0x0000000082e00000,0x00000000861908a0,0x000000008aa80000)
 Metaspace       used 24348K, capacity 24842K, committed 24960K, reserved 1071104K
  class space    used 2800K, capacity 2934K, committed 2944K, reserved 1048576K
Event: 6.847 GC heap after
Heap after GC invocations=13 (full 2):
 PSYoungGen      total 337920K, used 34279K [0x00000000d6500000, 0x00000000f5e80000, 0x0000000100000000)
  eden space 303616K, 0% used [0x00000000d6500000,0x00000000d6500000,0x00000000e8d80000)
  from space 34304K, 99% used [0x00000000e8d80000,0x00000000eaef9e90,0x00000000eaf00000)
  to   space 42496K, 0% used [0x00000000f3500000,0x00000000f3500000,0x00000000f5e80000)
 ParOldGen       total 127488K, used 60484K [0x0000000082e00000, 0x000000008aa80000, 0x00000000d6500000)
  object space 127488K, 47% used [0x0000000082e00000,0x0000000086911310,0x000000008aa80000)
 Metaspace       used 24348K, capacity 24842K, committed 24960K, reserved 1071104K
  class space    used 2800K, capacity 2934K, committed 2944K, reserved 1048576K
}
Event: 8.378 GC heap before
{Heap before GC invocations=14 (full 2):
 PSYoungGen      total 337920K, used 337895K [0x00000000d6500000, 0x00000000f5e80000, 0x0000000100000000)
  eden space 303616K, 100% used [0x00000000d6500000,0x00000000e8d80000,0x00000000e8d80000)
  from space 34304K, 99% used [0x00000000e8d80000,0x00000000eaef9e90,0x00000000eaf00000)
  to   space 42496K, 0% used [0x00000000f3500000,0x00000000f3500000,0x00000000f5e80000)
 ParOldGen       total 127488K, used 60484K [0x0000000082e00000, 0x000000008aa80000, 0x00000000d6500000)
  object space 127488K, 47% used [0x0000000082e00000,0x0000000086911310,0x000000008aa80000)
 Metaspace       used 35411K, capacity 36186K, committed 36352K, reserved 1081344K
  class space    used 4118K, capacity 4346K, committed 4352K, reserved 1048576K
Event: 8.407 GC heap after
Heap after GC invocations=14 (full 2):
 PSYoungGen      total 470016K, used 31073K [0x00000000d6500000, 0x00000000f5e80000, 0x0000000100000000)
  eden space 427520K, 0% used [0x00000000d6500000,0x00000000d6500000,0x00000000f0680000)
  from space 42496K, 73% used [0x00000000f3500000,0x00000000f5358540,0x00000000f5e80000)
  to   space 45056K, 0% used [0x00000000f0680000,0x00000000f0680000,0x00000000f3280000)
 ParOldGen       total 127488K, used 63778K [0x0000000082e00000, 0x000000008aa80000, 0x00000000d6500000)
  object space 127488K, 50% used [0x0000000082e00000,0x0000000086c489a8,0x000000008aa80000)
 Metaspace       used 35411K, capacity 36186K, committed 36352K, reserved 1081344K
  class space    used 4118K, capacity 4346K, committed 4352K, reserved 1048576K
}

Deoptimization events (10 events):
Event: 8.067 Thread 0x000000001e976800 Uncommon trap: reason=class_check action=maybe_recompile pc=0x0000000003769b00 method=java.util.Collections$UnmodifiableMap$UnmodifiableEntrySet$UnmodifiableEntry.getKey()Ljava/lang/Object; @ 4
Event: 8.067 Thread 0x000000001e976800 Uncommon trap: reason=class_check action=maybe_recompile pc=0x0000000003769d80 method=java.util.Collections$UnmodifiableMap$UnmodifiableEntrySet$UnmodifiableEntry.getValue()Ljava/lang/Object; @ 4
Event: 8.068 Thread 0x000000001e976800 Uncommon trap: reason=class_check action=maybe_recompile pc=0x00000000036a438c method=java.util.Collections$UnmodifiableMap$UnmodifiableEntrySet$1.hasNext()Z @ 4
Event: 8.068 Thread 0x000000001e976800 Uncommon trap: reason=class_check action=maybe_recompile pc=0x000000000374d02c method=java.util.Collections$UnmodifiableMap$UnmodifiableEntrySet$1.next()Ljava/util/Map$Entry; @ 8
Event: 8.068 Thread 0x000000001e976800 Uncommon trap: reason=class_check action=maybe_recompile pc=0x0000000003769b00 method=java.util.Collections$UnmodifiableMap$UnmodifiableEntrySet$UnmodifiableEntry.getKey()Ljava/lang/Object; @ 4
Event: 8.068 Thread 0x000000001e976800 Uncommon trap: reason=class_check action=maybe_recompile pc=0x0000000003769d80 method=java.util.Collections$UnmodifiableMap$UnmodifiableEntrySet$UnmodifiableEntry.getValue()Ljava/lang/Object; @ 4
Event: 8.148 Thread 0x000000001e976800 Uncommon trap: reason=class_check action=maybe_recompile pc=0x00000000036a438c method=java.util.Collections$UnmodifiableMap$UnmodifiableEntrySet$1.hasNext()Z @ 4
Event: 8.168 Thread 0x000000001e976800 Uncommon trap: reason=unstable_if action=reinterpret pc=0x00000000038db8a0 method=java.util.concurrent.ConcurrentHashMap.get(Ljava/lang/Object;)Ljava/lang/Object; @ 76
Event: 8.175 Thread 0x000000001e976800 Uncommon trap: reason=unstable_if action=reinterpret pc=0x0000000003931520 method=java.util.HashMap.putMapEntries(Ljava/util/Map;Z)V @ 53
Event: 8.535 Thread 0x000000001e976800 Uncommon trap: reason=bimorphic action=maybe_recompile pc=0x00000000039477e8 method=java.util.regex.Matcher.match(II)Z @ 86

Classes redefined (0 events):
No events

Internal exceptions (10 events):
Event: 8.668 Thread 0x000000001e976800 Exception <a 'java/lang/ClassNotFoundException': org/springframework/web/servlet/view/UrlBasedViewResolverCustomizer> (0x00000000d8cbf320) thrown at [C:\re\workspace\8-2-build-windows-amd64-cygwin\jdk8u191\11896\hotspot\src\share\vm\classfile\systemDictio
Event: 8.669 Thread 0x000000001e976800 Exception <a 'java/lang/ClassNotFoundException': org/springframework/web/servlet/view/InternalResourceViewResolverCustomizer> (0x00000000d8d0d9e0) thrown at [C:\re\workspace\8-2-build-windows-amd64-cygwin\jdk8u191\11896\hotspot\src\share\vm\classfile\syst
Event: 8.670 Thread 0x000000001e976800 Exception <a 'java/lang/ClassNotFoundException': org/springframework/web/servlet/ViewResolverBeanInfo> (0x00000000d8d53e50) thrown at [C:\re\workspace\8-2-build-windows-amd64-cygwin\jdk8u191\11896\hotspot\src\share\vm\classfile\systemDictionary.cpp, line 
Event: 8.671 Thread 0x000000001e976800 Exception <a 'java/lang/ClassNotFoundException': org/springframework/web/servlet/ViewResolverCustomizer> (0x00000000d8d7e8e0) thrown at [C:\re\workspace\8-2-build-windows-amd64-cygwin\jdk8u191\11896\hotspot\src\share\vm\classfile\systemDictionary.cpp, lin
Event: 8.676 Thread 0x000000001e976800 Exception <a 'java/lang/ClassNotFoundException': org/springframework/web/servlet/support/SessionFlashMapManagerBeanInfo> (0x00000000d8dfeb28) thrown at [C:\re\workspace\8-2-build-windows-amd64-cygwin\jdk8u191\11896\hotspot\src\share\vm\classfile\systemDic
Event: 8.677 Thread 0x000000001e976800 Exception <a 'java/lang/ClassNotFoundException': org/springframework/web/servlet/support/AbstractFlashMapManagerBeanInfo> (0x00000000d8e31e00) thrown at [C:\re\workspace\8-2-build-windows-amd64-cygwin\jdk8u191\11896\hotspot\src\share\vm\classfile\systemDi
Event: 8.678 Thread 0x000000001e976800 Exception <a 'java/lang/ClassNotFoundException': org/springframework/web/servlet/support/AbstractFlashMapManagerCustomizer> (0x00000000d8e656a0) thrown at [C:\re\workspace\8-2-build-windows-amd64-cygwin\jdk8u191\11896\hotspot\src\share\vm\classfile\system
Event: 8.680 Thread 0x000000001e976800 Exception <a 'java/lang/ClassNotFoundException': org/springframework/web/servlet/support/SessionFlashMapManagerCustomizer> (0x00000000d8ea0160) thrown at [C:\re\workspace\8-2-build-windows-amd64-cygwin\jdk8u191\11896\hotspot\src\share\vm\classfile\systemD
Event: 8.681 Thread 0x000000001e976800 Exception <a 'java/lang/ClassNotFoundException': org/springframework/web/servlet/FlashMapManagerBeanInfo> (0x00000000d8ecf340) thrown at [C:\re\workspace\8-2-build-windows-amd64-cygwin\jdk8u191\11896\hotspot\src\share\vm\classfile\systemDictionary.cpp, li
Event: 8.682 Thread 0x000000001e976800 Exception <a 'java/lang/ClassNotFoundException': org/springframework/web/servlet/FlashMapManagerCustomizer> (0x00000000d8efb498) thrown at [C:\re\workspace\8-2-build-windows-amd64-cygwin\jdk8u191\11896\hotspot\src\share\vm\classfile\systemDictionary.cpp, 

Events (10 events):
Event: 8.694 loading class org/apache/jasper/compiler/tagplugin/TagPluginContext
Event: 8.694 loading class org/apache/jasper/compiler/tagplugin/TagPluginContext done
Event: 8.695 loading class javax/servlet/jsp/JspFactory
Event: 8.695 loading class javax/servlet/jsp/JspFactory done
Event: 8.695 loading class javax/servlet/jsp/JspFactory
Event: 8.695 loading class javax/servlet/jsp/JspFactory done
Event: 8.695 loading class org/apache/jasper/runtime/JspFactoryImpl
Event: 8.695 loading class org/apache/jasper/runtime/JspFactoryImpl done
Event: 8.695 loading class org/apache/jasper/runtime/JspFactoryImpl
Event: 8.695 loading class org/apache/jasper/runtime/JspFactoryImpl done


Dynamic libraries:
0x00007ff66b6b0000 - 0x00007ff66b6e7000 	D:\Java\jdk1.8.0_191\bin\java.exe
0x00007ffe83db0000 - 0x00007ffe83f9d000 	C:\windows\SYSTEM32\ntdll.dll
0x00007ffe82690000 - 0x00007ffe82743000 	C:\windows\System32\KERNEL32.DLL
0x00007ffe80b40000 - 0x00007ffe80dd3000 	C:\windows\System32\KERNELBASE.dll
0x00007ffe81cc0000 - 0x00007ffe81d63000 	C:\windows\System32\ADVAPI32.dll
0x00007ffe82450000 - 0x00007ffe824ee000 	C:\windows\System32\msvcrt.dll
0x00007ffe81050000 - 0x00007ffe810ee000 	C:\windows\System32\sechost.dll
0x00007ffe83c50000 - 0x00007ffe83d72000 	C:\windows\System32\RPCRT4.dll
0x00007ffe824f0000 - 0x00007ffe82687000 	C:\windows\System32\USER32.dll
0x00007ffe80690000 - 0x00007ffe806b0000 	C:\windows\System32\win32u.dll
0x00007ffe823a0000 - 0x00007ffe823c9000 	C:\windows\System32\GDI32.dll
0x00007ffe808c0000 - 0x00007ffe80a59000 	C:\windows\System32\gdi32full.dll
0x00007ffe80de0000 - 0x00007ffe80e80000 	C:\windows\System32\msvcp_win.dll
0x00007ffe80e80000 - 0x00007ffe80f7a000 	C:\windows\System32\ucrtbase.dll
0x00007ffe6ad40000 - 0x00007ffe6afb9000 	C:\windows\WinSxS\amd64_microsoft.windows.common-controls_6595b64144ccf1df_6.0.17763.737_none_05b6437c071e554b\COMCTL32.dll
0x00007ffe81620000 - 0x00007ffe8194c000 	C:\windows\System32\combase.dll
0x00007ffe80a60000 - 0x00007ffe80ade000 	C:\windows\System32\bcryptPrimitives.dll
0x00007ffe81b80000 - 0x00007ffe81bae000 	C:\windows\System32\IMM32.DLL
0x000000006f800000 - 0x000000006f8d2000 	D:\Java\jdk1.8.0_191\jre\bin\msvcr100.dll
0x000000006ef50000 - 0x000000006f7f4000 	D:\Java\jdk1.8.0_191\jre\bin\server\jvm.dll
0x00007ffe815a0000 - 0x00007ffe815a8000 	C:\windows\System32\PSAPI.DLL
0x00007ffe7e7d0000 - 0x00007ffe7e7f4000 	C:\windows\SYSTEM32\WINMM.dll
0x00007ffe72aa0000 - 0x00007ffe72aaa000 	C:\windows\SYSTEM32\VERSION.dll
0x00007ffe5f2a0000 - 0x00007ffe5f2a9000 	C:\windows\SYSTEM32\WSOCK32.dll
0x00007ffe815b0000 - 0x00007ffe8161d000 	C:\windows\System32\WS2_32.dll
0x00007ffe7e7a0000 - 0x00007ffe7e7cd000 	C:\windows\SYSTEM32\WINMMBASE.dll
0x00007ffe80f80000 - 0x00007ffe80fca000 	C:\windows\System32\cfgmgr32.dll
0x000000006ef40000 - 0x000000006ef4f000 	D:\Java\jdk1.8.0_191\jre\bin\verify.dll
0x000000006ef10000 - 0x000000006ef39000 	D:\Java\jdk1.8.0_191\jre\bin\java.dll
0x000000006ee70000 - 0x000000006ee93000 	D:\Java\jdk1.8.0_191\jre\bin\instrument.dll
0x000000006eef0000 - 0x000000006ef06000 	D:\Java\jdk1.8.0_191\jre\bin\zip.dll
0x00007ffe82750000 - 0x00007ffe83c42000 	C:\windows\System32\SHELL32.dll
0x00007ffe81c10000 - 0x00007ffe81cb8000 	C:\windows\System32\shcore.dll
0x00007ffe7ff40000 - 0x00007ffe8068a000 	C:\windows\System32\windows.storage.dll
0x00007ffe7fe20000 - 0x00007ffe7fe44000 	C:\windows\System32\profapi.dll
0x00007ffe7fda0000 - 0x00007ffe7fdfd000 	C:\windows\System32\powrprof.dll
0x00007ffe823f0000 - 0x00007ffe82442000 	C:\windows\System32\shlwapi.dll
0x00007ffe7fe00000 - 0x00007ffe7fe11000 	C:\windows\System32\kernel.appcore.dll
0x00007ffe7fe70000 - 0x00007ffe7fe87000 	C:\windows\System32\cryptsp.dll
0x00007ffe6f260000 - 0x00007ffe6f27a000 	D:\Program Files\IntelliJ IDEA 2020.1.2\bin\breakgen64.dll
0x000000006eed0000 - 0x000000006eeea000 	D:\java\jdk1.8.0_191\jre\bin\net.dll
0x00007ffe7f610000 - 0x00007ffe7f677000 	C:\windows\system32\mswsock.dll
0x00007ffe7f190000 - 0x00007ffe7f1c3000 	C:\windows\system32\rsaenh.dll
0x00007ffe80890000 - 0x00007ffe808b6000 	C:\windows\System32\bcrypt.dll
0x00007ffe7fca0000 - 0x00007ffe7fcc8000 	C:\windows\SYSTEM32\USERENV.dll
0x00007ffe7f7e0000 - 0x00007ffe7f7ec000 	C:\windows\SYSTEM32\CRYPTBASE.dll
0x00007ffe7f330000 - 0x00007ffe7f36d000 	C:\windows\SYSTEM32\IPHLPAPI.DLL
0x00007ffe81220000 - 0x00007ffe81228000 	C:\windows\System32\NSI.dll
0x00007ffe6f190000 - 0x00007ffe6f1a6000 	C:\windows\SYSTEM32\dhcpcsvc6.DLL
0x00007ffe715a0000 - 0x00007ffe715bc000 	C:\windows\SYSTEM32\dhcpcsvc.DLL
0x00007ffe7f370000 - 0x00007ffe7f436000 	C:\windows\SYSTEM32\DNSAPI.dll
0x000000006eea0000 - 0x000000006eeb1000 	D:\java\jdk1.8.0_191\jre\bin\nio.dll
0x00007ffe6c690000 - 0x00007ffe6c69a000 	C:\Users\Administrator\AppData\Local\Temp\jansi-1.17.1-8186020602772273469.dll
0x00007ffe6a770000 - 0x00007ffe6a77a000 	C:\Users\Administrator\AppData\Local\Temp\jansi-1.17.1-4888934417649098740.dll
0x000000006eec0000 - 0x000000006eecd000 	D:\java\jdk1.8.0_191\jre\bin\management.dll

VM Arguments:
jvm_args: -Dmaven.multiModuleProjectDirectory=E:\Code\Project\Health\health\health_parent\health_backend -Dmaven.home=D:\Program Files\IntelliJ IDEA 2020.1.2\plugins\maven\lib\maven3 -Dclassworlds.conf=D:\Program Files\IntelliJ IDEA 2020.1.2\plugins\maven\lib\maven3\bin\m2.conf -Dmaven.ext.class.path=D:\Program Files\IntelliJ IDEA 2020.1.2\plugins\maven\lib\maven-event-listener.jar -javaagent:D:\Program Files\IntelliJ IDEA 2020.1.2\lib\idea_rt.jar=13197:D:\Program Files\IntelliJ IDEA 2020.1.2\bin -Dfile.encoding=UTF-8 
java_command: org.codehaus.classworlds.Launcher -Didea.version2020.1.2 org.apache.tomcat.maven:tomcat7-maven-plugin:2.0:run
java_class_path (initial): D:\Program Files\IntelliJ IDEA 2020.1.2\plugins\maven\lib\maven3\boot\plexus-classworlds-2.6.0.jar;D:\Program Files\IntelliJ IDEA 2020.1.2\plugins\maven\lib\maven3\boot\plexus-classworlds.license;D:\Program Files\IntelliJ IDEA 2020.1.2\lib\idea_rt.jar
Launcher Type: SUN_STANDARD

Environment Variables:
JAVA_HOME=D:\java\jdk1.8.0_191
PATH=D:\app\Administrator\product\11.2.0\dbhome_1\bin;C:\oraclexe\app\oracle\product\11.2.0\server\bin;C:\windows\system32;C:\windows;C:\windows\System32\Wbem;C:\windows\System32\WindowsPowerShell\v1.0\;C:\windows\System32\OpenSSH\;C:\Program Files (x86)\Microsoft SQL Server\90\DTS\Binn\;C:\Program Files (x86)\Microsoft SQL Server\90\Tools\binn\;C:\Program Files (x86)\Microsoft SQL Server\90\Tools\Binn\VSShell\Common7\IDE\;C:\Program Files (x86)\Microsoft Visual Studio 8\Common7\IDE\PrivateAssemblies\;D:\java\jdk1.8.0_191\bin;D:\apache-tomcat-8.5.57\bin;D:\apache-maven-3.6.3\bin;D:\javaweb\gradle-6.1-all\gradle-6.1\bin;D:\Program Files\Git\cmd;D:\soft\node\;C:\Program Files\dotnet\;C:\Users\Administrator\AppData\Local\Programs\Python\Python37\Scripts\;C:\Users\Administrator\AppData\Local\Programs\Python\Python37\;C:\Program Files\MySQL\MySQL Shell 8.0\bin\;D:\java\jdk1.8.0_191\bin;D:\apache-maven-3.6.3\bin\bin;D:\apache-maven-3.6.3\bin;;E:\soft\Microsoft VS Code\bin;D:\Program Files\IntelliJ IDEA 2020.1.2\bin;;C:\Users\Administrator\AppData\Roaming\npm;C:\Users\Administrator\.dotnet\tools;D:\soft\BandZip\
USERNAME=Administrator
OS=Windows_NT
PROCESSOR_IDENTIFIER=Intel64 Family 6 Model 142 Stepping 11, GenuineIntel



---------------  S Y S T E M  ---------------

OS: Windows 10.0 , 64 bit Build 17763 (10.0.17763.475)

CPU:total 8 (initial active 8) (4 cores per cpu, 2 threads per core) family 6 model 142 stepping 11, cmov, cx8, fxsr, mmx, sse, sse2, sse3, ssse3, sse4.1, sse4.2, popcnt, avx, avx2, aes, clmul, erms, 3dnowpref, lzcnt, ht, tsc, tscinvbit, bmi1, bmi2, adx

Memory: 4k page, physical 8192164k(934344k free), swap 12386468k(4824k free)

vm_info: Java HotSpot(TM) 64-Bit Server VM (25.191-b12) for windows-amd64 JRE (1.8.0_191-b12), built on Oct  6 2018 09:29:03 by "java_re" with MS VC++ 10.0 (VS2010)

time: Sat Dec 04 12:47:03 2021
elapsed time: 8 seconds (0d 0h 0m 8s)

